24/04/2016 17:28:45 (Std) 	+-+-+-+-+-+-+-+-+-+-+-+-+-+-+-+-+-+-+-+-+-+-+-+-+-+-+-+-+-+-+-+-+-+-+-+-+-+-+-+
24/04/2016 17:28:45 (Std) 	+                     Crazy Eddie's GUI System - Event log                    +
24/04/2016 17:28:45 (Std) 	+                          (http://www.cegui.org.uk/)                         +
24/04/2016 17:28:45 (Std) 	+-+-+-+-+-+-+-+-+-+-+-+-+-+-+-+-+-+-+-+-+-+-+-+-+-+-+-+-+-+-+-+-+-+-+-+-+-+-+-+

24/04/2016 17:28:45 (Std) 	CEGUI::Logger singleton created. (0x107de10)
24/04/2016 17:28:45 (Std) 	
24/04/2016 17:28:45 (Std) 	********************************************************************************
24/04/2016 17:28:45 (Std) 	* Important:                                                                   *
24/04/2016 17:28:45 (Std) 	*     To get support at the CEGUI forums, you must post _at least_ the section *
24/04/2016 17:28:45 (Std) 	*     of this log file indicated below.  Failure to do this will result in no  *
24/04/2016 17:28:45 (Std) 	*     support being given; please do not waste our time.                       *
24/04/2016 17:28:45 (Std) 	********************************************************************************
24/04/2016 17:28:45 (Std) 	********************************************************************************
24/04/2016 17:28:45 (Std) 	* -------- START OF ESSENTIAL SECTION TO BE POSTED ON THE FORUM       -------- *
24/04/2016 17:28:45 (Std) 	********************************************************************************
24/04/2016 17:28:45 (Std) 	---- Version: 0.8.4 (Build: Mar  2 2015 GNU/Linux g++ 4.8.2 64 bit) ----
24/04/2016 17:28:45 (Std) 	---- Renderer module is: CEGUI::OgreRenderer - Official OGRE based 2nd generation renderer module. ----
24/04/2016 17:28:45 (Std) 	---- XML Parser module is: CEGUI::ExpatParser - Official expat based parser module for CEGUI ----
24/04/2016 17:28:45 (Std) 	---- Image Codec module is: OgreImageCodec - Integrated ImageCodec using the Ogre engine. ----
24/04/2016 17:28:45 (Std) 	---- Scripting module is: None ----
24/04/2016 17:28:45 (Std) 	********************************************************************************
24/04/2016 17:28:45 (Std) 	* -------- END OF ESSENTIAL SECTION TO BE POSTED ON THE FORUM         -------- *
24/04/2016 17:28:45 (Std) 	********************************************************************************
24/04/2016 17:28:45 (Std) 	
24/04/2016 17:28:45 (Std) 	---- Begining CEGUI System initialisation ----
24/04/2016 17:28:45 (Std) 	[CEGUI::ImageManager] Singleton created (0x1493470)
24/04/2016 17:28:45 (Std) 	[CEGUI::ImageManager] Registered Image type: BasicImage
24/04/2016 17:28:45 (Std) 	CEGUI::FontManager singleton created. (0x15c39d0)
24/04/2016 17:28:45 (Std) 	CEGUI::WindowFactoryManager singleton created
24/04/2016 17:28:45 (Std) 	CEGUI::WindowManager singleton created (0x15be720)
24/04/2016 17:28:45 (Std) 	CEGUI::SchemeManager singleton created. (0x15cadf0)
24/04/2016 17:28:45 (Std) 	CEGUI::GlobalEventSet singleton created. (0x148e2f0)
24/04/2016 17:28:45 (Std) 	CEGUI::AnimationManager singleton created (0x15e7820)
24/04/2016 17:28:45 (Std) 	CEGUI::WidgetLookManager singleton created. (0x1492270)
24/04/2016 17:28:45 (Std) 	CEGUI::WindowRendererManager singleton created (0x1492110)
24/04/2016 17:28:45 (Std) 	CEGUI::RenderEffectManager singleton created (0x1492030)
24/04/2016 17:28:45 (Std) 	Created WindowFactory for 'DefaultWindow' windows.
24/04/2016 17:28:45 (Std) 	WindowFactory for 'DefaultWindow' windows added. (0x159d4e0)
24/04/2016 17:28:45 (Std) 	Created WindowFactory for 'DragContainer' windows.
24/04/2016 17:28:45 (Std) 	WindowFactory for 'DragContainer' windows added. (0x159d5a0)
24/04/2016 17:28:45 (Std) 	Created WindowFactory for 'ScrolledContainer' windows.
24/04/2016 17:28:45 (Std) 	WindowFactory for 'ScrolledContainer' windows added. (0x15ba8a0)
24/04/2016 17:28:45 (Std) 	Created WindowFactory for 'ClippedContainer' windows.
24/04/2016 17:28:45 (Std) 	WindowFactory for 'ClippedContainer' windows added. (0x15c0fb0)
24/04/2016 17:28:45 (Std) 	Created WindowFactory for 'CEGUI/PushButton' windows.
24/04/2016 17:28:45 (Std) 	WindowFactory for 'CEGUI/PushButton' windows added. (0x15ea380)
24/04/2016 17:28:45 (Std) 	Created WindowFactory for 'CEGUI/RadioButton' windows.
24/04/2016 17:28:45 (Std) 	WindowFactory for 'CEGUI/RadioButton' windows added. (0x15c9b80)
24/04/2016 17:28:45 (Std) 	Created WindowFactory for 'CEGUI/Combobox' windows.
24/04/2016 17:28:45 (Std) 	WindowFactory for 'CEGUI/Combobox' windows added. (0x15b6590)
24/04/2016 17:28:45 (Std) 	Created WindowFactory for 'CEGUI/ComboDropList' windows.
24/04/2016 17:28:45 (Std) 	WindowFactory for 'CEGUI/ComboDropList' windows added. (0x15c8b60)
24/04/2016 17:28:45 (Std) 	Created WindowFactory for 'CEGUI/Editbox' windows.
24/04/2016 17:28:45 (Std) 	WindowFactory for 'CEGUI/Editbox' windows added. (0x15ba6c0)
24/04/2016 17:28:45 (Std) 	Created WindowFactory for 'CEGUI/FrameWindow' windows.
24/04/2016 17:28:45 (Std) 	WindowFactory for 'CEGUI/FrameWindow' windows added. (0x15eadd0)
24/04/2016 17:28:45 (Std) 	Created WindowFactory for 'CEGUI/ItemEntry' windows.
24/04/2016 17:28:45 (Std) 	WindowFactory for 'CEGUI/ItemEntry' windows added. (0x15c3ff0)
24/04/2016 17:28:45 (Std) 	Created WindowFactory for 'CEGUI/Listbox' windows.
24/04/2016 17:28:45 (Std) 	WindowFactory for 'CEGUI/Listbox' windows added. (0x15c30c0)
24/04/2016 17:28:45 (Std) 	Created WindowFactory for 'CEGUI/ListHeader' windows.
24/04/2016 17:28:45 (Std) 	WindowFactory for 'CEGUI/ListHeader' windows added. (0x15e8ed0)
24/04/2016 17:28:45 (Std) 	Created WindowFactory for 'CEGUI/ListHeaderSegment' windows.
24/04/2016 17:28:45 (Std) 	WindowFactory for 'CEGUI/ListHeaderSegment' windows added. (0x159ab60)
24/04/2016 17:28:45 (Std) 	Created WindowFactory for 'CEGUI/Menubar' windows.
24/04/2016 17:28:45 (Std) 	WindowFactory for 'CEGUI/Menubar' windows added. (0x10bd930)
24/04/2016 17:28:45 (Std) 	Created WindowFactory for 'CEGUI/PopupMenu' windows.
24/04/2016 17:28:45 (Std) 	WindowFactory for 'CEGUI/PopupMenu' windows added. (0x1202280)
24/04/2016 17:28:45 (Std) 	Created WindowFactory for 'CEGUI/MenuItem' windows.
24/04/2016 17:28:45 (Std) 	WindowFactory for 'CEGUI/MenuItem' windows added. (0x159d270)
24/04/2016 17:28:45 (Std) 	Created WindowFactory for 'CEGUI/MultiColumnList' windows.
24/04/2016 17:28:45 (Std) 	WindowFactory for 'CEGUI/MultiColumnList' windows added. (0x10c22d0)
24/04/2016 17:28:45 (Std) 	Created WindowFactory for 'CEGUI/MultiLineEditbox' windows.
24/04/2016 17:28:45 (Std) 	WindowFactory for 'CEGUI/MultiLineEditbox' windows added. (0x10c0c40)
24/04/2016 17:28:45 (Std) 	Created WindowFactory for 'CEGUI/ProgressBar' windows.
24/04/2016 17:28:45 (Std) 	WindowFactory for 'CEGUI/ProgressBar' windows added. (0x1108f70)
24/04/2016 17:28:45 (Std) 	Created WindowFactory for 'CEGUI/ScrollablePane' windows.
24/04/2016 17:28:45 (Std) 	WindowFactory for 'CEGUI/ScrollablePane' windows added. (0x15cb3a0)
24/04/2016 17:28:45 (Std) 	Created WindowFactory for 'CEGUI/Scrollbar' windows.
24/04/2016 17:28:45 (Std) 	WindowFactory for 'CEGUI/Scrollbar' windows added. (0x15bb070)
24/04/2016 17:28:45 (Std) 	Created WindowFactory for 'CEGUI/Slider' windows.
24/04/2016 17:28:45 (Std) 	WindowFactory for 'CEGUI/Slider' windows added. (0x15c5a70)
24/04/2016 17:28:45 (Std) 	Created WindowFactory for 'CEGUI/Spinner' windows.
24/04/2016 17:28:45 (Std) 	WindowFactory for 'CEGUI/Spinner' windows added. (0x15c8630)
24/04/2016 17:28:45 (Std) 	Created WindowFactory for 'CEGUI/TabButton' windows.
24/04/2016 17:28:45 (Std) 	WindowFactory for 'CEGUI/TabButton' windows added. (0x15bf8f0)
24/04/2016 17:28:45 (Std) 	Created WindowFactory for 'CEGUI/TabControl' windows.
24/04/2016 17:28:45 (Std) 	WindowFactory for 'CEGUI/TabControl' windows added. (0x12293c0)
24/04/2016 17:28:45 (Std) 	Created WindowFactory for 'CEGUI/Thumb' windows.
24/04/2016 17:28:45 (Std) 	WindowFactory for 'CEGUI/Thumb' windows added. (0x15eab80)
24/04/2016 17:28:45 (Std) 	Created WindowFactory for 'CEGUI/Titlebar' windows.
24/04/2016 17:28:45 (Std) 	WindowFactory for 'CEGUI/Titlebar' windows added. (0x1032820)
24/04/2016 17:28:45 (Std) 	Created WindowFactory for 'CEGUI/ToggleButton' windows.
24/04/2016 17:28:45 (Std) 	WindowFactory for 'CEGUI/ToggleButton' windows added. (0x15b3b10)
24/04/2016 17:28:45 (Std) 	Created WindowFactory for 'CEGUI/Tooltip' windows.
24/04/2016 17:28:45 (Std) 	WindowFactory for 'CEGUI/Tooltip' windows added. (0x15e8230)
24/04/2016 17:28:45 (Std) 	Created WindowFactory for 'CEGUI/ItemListbox' windows.
24/04/2016 17:28:45 (Std) 	WindowFactory for 'CEGUI/ItemListbox' windows added. (0x15e96d0)
24/04/2016 17:28:45 (Std) 	Created WindowFactory for 'CEGUI/GroupBox' windows.
24/04/2016 17:28:45 (Std) 	WindowFactory for 'CEGUI/GroupBox' windows added. (0x15e8c80)
24/04/2016 17:28:45 (Std) 	Created WindowFactory for 'CEGUI/Tree' windows.
24/04/2016 17:28:45 (Std) 	WindowFactory for 'CEGUI/Tree' windows added. (0x15bb480)
24/04/2016 17:28:45 (Std) 	Created WindowFactory for 'LayoutCell' windows.
24/04/2016 17:28:45 (Std) 	WindowFactory for 'LayoutCell' windows added. (0x10c21c0)
24/04/2016 17:28:45 (Std) 	Created WindowFactory for 'HorizontalLayoutContainer' windows.
24/04/2016 17:28:45 (Std) 	WindowFactory for 'HorizontalLayoutContainer' windows added. (0x1210c60)
24/04/2016 17:28:45 (Std) 	Created WindowFactory for 'VerticalLayoutContainer' windows.
24/04/2016 17:28:45 (Std) 	WindowFactory for 'VerticalLayoutContainer' windows added. (0x1081dd0)
24/04/2016 17:28:45 (Std) 	Created WindowFactory for 'GridLayoutContainer' windows.
24/04/2016 17:28:45 (Std) 	WindowFactory for 'GridLayoutContainer' windows added. (0x15cbf70)
24/04/2016 17:28:45 (Std) 	CEGUI::System singleton created. (0x15b3c80)
24/04/2016 17:28:45 (Std) 	---- CEGUI System initialisation completed ----
24/04/2016 17:28:45 (Std) 	
24/04/2016 17:28:45 (Std) 	Started creation of Scheme from XML specification:
24/04/2016 17:28:45 (Std) 	---- CEGUI GUIScheme name: TaharezLook
24/04/2016 17:28:45 (Std) 	[ImageManager] Started creation of Imageset from XML specification:
24/04/2016 17:28:45 (Std) 	[ImageManager] ---- CEGUI Imageset name: TaharezLook
24/04/2016 17:28:45 (Std) 	[ImageManager] ---- Source texture file: TaharezLook.png
24/04/2016 17:28:45 (Std) 	[ImageManager] ---- Source texture resource group: (Default)
24/04/2016 17:28:45 (Std) 	[OgreRenderer] Created texture: TaharezLook
24/04/2016 17:28:45 (Std) 	[ImageManager] Created image: 'TaharezLook/ClientBrush' (0x120f210) of type: BasicImage
24/04/2016 17:28:45 (Std) 	[ImageManager] Created image: 'TaharezLook/GenericBrush' (0x120f330) of type: BasicImage
24/04/2016 17:28:45 (Std) 	[ImageManager] Created image: 'TaharezLook/WindowLeftEdge' (0x1225fa0) of type: BasicImage
24/04/2016 17:28:45 (Std) 	[ImageManager] Created image: 'TaharezLook/WindowRightEdge' (0x12260c0) of type: BasicImage
24/04/2016 17:28:45 (Std) 	[ImageManager] Created image: 'TaharezLook/WindowTopEdge' (0x12217c0) of type: BasicImage
24/04/2016 17:28:45 (Std) 	[ImageManager] Created image: 'TaharezLook/WindowBottomEdge' (0x12218e0) of type: BasicImage
24/04/2016 17:28:45 (Std) 	[ImageManager] Created image: 'TaharezLook/WindowTopLeft' (0x1230e20) of type: BasicImage
24/04/2016 17:28:45 (Std) 	[ImageManager] Created image: 'TaharezLook/WindowTopRight' (0x1230f40) of type: BasicImage
24/04/2016 17:28:45 (Std) 	[ImageManager] Created image: 'TaharezLook/WindowBottomLeft' (0x15bea70) of type: BasicImage
24/04/2016 17:28:45 (Std) 	[ImageManager] Created image: 'TaharezLook/WindowBottomRight' (0x1207a90) of type: BasicImage
24/04/2016 17:28:45 (Std) 	[ImageManager] Created image: 'TaharezLook/ButtonLeftNormal' (0x107b990) of type: BasicImage
24/04/2016 17:28:45 (Std) 	[ImageManager] Created image: 'TaharezLook/ButtonMiddleNormal' (0x122c2c0) of type: BasicImage
24/04/2016 17:28:45 (Std) 	[ImageManager] Created image: 'TaharezLook/ButtonRightNormal' (0x107c5d0) of type: BasicImage
24/04/2016 17:28:45 (Std) 	[ImageManager] Created image: 'TaharezLook/ButtonLeftPushed' (0x120fdb0) of type: BasicImage
24/04/2016 17:28:45 (Std) 	[ImageManager] Created image: 'TaharezLook/ButtonMiddlePushed' (0x122e730) of type: BasicImage
24/04/2016 17:28:45 (Std) 	[ImageManager] Created image: 'TaharezLook/ButtonRightPushed' (0x1231a60) of type: BasicImage
24/04/2016 17:28:45 (Std) 	[ImageManager] Created image: 'TaharezLook/ButtonLeftHighlight' (0x121d090) of type: BasicImage
24/04/2016 17:28:45 (Std) 	[ImageManager] Created image: 'TaharezLook/ButtonMiddleHighlight' (0x1230220) of type: BasicImage
24/04/2016 17:28:45 (Std) 	[ImageManager] Created image: 'TaharezLook/ButtonRightHighlight' (0x120ce20) of type: BasicImage
24/04/2016 17:28:45 (Std) 	[ImageManager] Created image: 'TaharezLook/CheckboxNormal' (0x1226b40) of type: BasicImage
24/04/2016 17:28:45 (Std) 	[ImageManager] Created image: 'TaharezLook/CheckboxHover' (0x12247c0) of type: BasicImage
24/04/2016 17:28:45 (Std) 	[ImageManager] Created image: 'TaharezLook/CheckboxMark' (0x121c520) of type: BasicImage
24/04/2016 17:28:45 (Std) 	[ImageManager] Created image: 'TaharezLook/RadioButtonNormal' (0x120c220) of type: BasicImage
24/04/2016 17:28:45 (Std) 	[ImageManager] Created image: 'TaharezLook/RadioButtonHover' (0x1216320) of type: BasicImage
24/04/2016 17:28:45 (Std) 	[ImageManager] Created image: 'TaharezLook/RadioButtonMark' (0x1218790) of type: BasicImage
24/04/2016 17:28:45 (Std) 	[ImageManager] Created image: 'TaharezLook/TitlebarLeft' (0x15c2c50) of type: BasicImage
24/04/2016 17:28:45 (Std) 	[ImageManager] Created image: 'TaharezLook/TitlebarMiddle' (0x121ffe0) of type: BasicImage
24/04/2016 17:28:45 (Std) 	[ImageManager] Created image: 'TaharezLook/TitlebarRight' (0x120b670) of type: BasicImage
24/04/2016 17:28:45 (Std) 	[ImageManager] Created image: 'TaharezLook/NewTitlebarLeft' (0x121f430) of type: BasicImage
24/04/2016 17:28:45 (Std) 	[ImageManager] Created image: 'TaharezLook/NewTitlebarMiddle' (0x120aa70) of type: BasicImage
24/04/2016 17:28:45 (Std) 	[ImageManager] Created image: 'TaharezLook/NewTitlebarRight' (0x122b6c0) of type: BasicImage
24/04/2016 17:28:45 (Std) 	[ImageManager] Created image: 'TaharezLook/SysAreaMiddle' (0x1211810) of type: BasicImage
24/04/2016 17:28:45 (Std) 	[ImageManager] Created image: 'TaharezLook/SysAreaRight' (0x121acf0) of type: BasicImage
24/04/2016 17:28:45 (Std) 	[ImageManager] Created image: 'TaharezLook/StaticLeft' (0x1214ae0) of type: BasicImage
24/04/2016 17:28:45 (Std) 	[ImageManager] Created image: 'TaharezLook/StaticRight' (0x1208680) of type: BasicImage
24/04/2016 17:28:45 (Std) 	[ImageManager] Created image: 'TaharezLook/StaticTop' (0x122cf40) of type: BasicImage
24/04/2016 17:28:45 (Std) 	[ImageManager] Created image: 'TaharezLook/StaticBottom' (0x10794e0) of type: BasicImage
24/04/2016 17:28:45 (Std) 	[ImageManager] Created image: 'TaharezLook/StaticTopLeft' (0x122f470) of type: BasicImage
24/04/2016 17:28:45 (Std) 	[ImageManager] Created image: 'TaharezLook/StaticTopRight' (0x1209eb0) of type: BasicImage
24/04/2016 17:28:45 (Std) 	[ImageManager] Created image: 'TaharezLook/StaticBottomLeft' (0x159cae0) of type: BasicImage
24/04/2016 17:28:45 (Std) 	[ImageManager] Created image: 'TaharezLook/StaticBottomRight' (0x1209290) of type: BasicImage
24/04/2016 17:28:45 (Std) 	[ImageManager] Created image: 'TaharezLook/StaticBackdrop' (0x121e810) of type: BasicImage
24/04/2016 17:28:45 (Std) 	[ImageManager] Created image: 'TaharezLook/ProgressBarLeft' (0x121b900) of type: BasicImage
24/04/2016 17:28:45 (Std) 	[ImageManager] Created image: 'TaharezLook/ProgressBarMiddle' (0x12253d0) of type: BasicImage
24/04/2016 17:28:45 (Std) 	[ImageManager] Created image: 'TaharezLook/ProgressBarRight' (0x1206220) of type: BasicImage
24/04/2016 17:28:45 (Std) 	[ImageManager] Created image: 'TaharezLook/ProgressBarDimSegment' (0x1217b60) of type: BasicImage
24/04/2016 17:28:45 (Std) 	[ImageManager] Created image: 'TaharezLook/ProgressBarLitSegment' (0x10803c0) of type: BasicImage
24/04/2016 17:28:45 (Std) 	[ImageManager] Created image: 'TaharezLook/EditBoxLeft' (0x12156f0) of type: BasicImage
24/04/2016 17:28:45 (Std) 	[ImageManager] Created image: 'TaharezLook/EditBoxMiddle' (0x1204730) of type: BasicImage
24/04/2016 17:28:45 (Std) 	[ImageManager] Created image: 'TaharezLook/EditBoxRight' (0x1213230) of type: BasicImage
24/04/2016 17:28:45 (Std) 	[ImageManager] Created image: 'TaharezLook/EditBoxCaret' (0x1216f70) of type: BasicImage
24/04/2016 17:28:45 (Std) 	[ImageManager] Created image: 'TaharezLook/SpinnerUpNormal' (0x121a060) of type: BasicImage
24/04/2016 17:28:45 (Std) 	[ImageManager] Created image: 'TaharezLook/SpinnerDownNormal' (0x1206e40) of type: BasicImage
24/04/2016 17:28:45 (Std) 	[ImageManager] Created image: 'TaharezLook/SpinnerUpHover' (0x15c0110) of type: BasicImage
24/04/2016 17:28:45 (Std) 	[ImageManager] Created image: 'TaharezLook/SpinnerDownHover' (0x107ad80) of type: BasicImage
24/04/2016 17:28:45 (Std) 	[ImageManager] Created image: 'TaharezLook/TextSelectionBrush' (0x1229f20) of type: BasicImage
24/04/2016 17:28:45 (Std) 	[ImageManager] Created image: 'TaharezLook/VertScrollTop' (0x1213e70) of type: BasicImage
24/04/2016 17:28:45 (Std) 	[ImageManager] Created image: 'TaharezLook/VertScrollMiddle' (0x15c6e40) of type: BasicImage
24/04/2016 17:28:45 (Std) 	[ImageManager] Created image: 'TaharezLook/VertScrollBottom' (0x15caa00) of type: BasicImage
24/04/2016 17:28:45 (Std) 	[ImageManager] Created image: 'TaharezLook/VertScrollBarSegment' (0x15e9840) of type: BasicImage
24/04/2016 17:28:45 (Std) 	[ImageManager] Created image: 'TaharezLook/VertScrollThumbNormal' (0x15e9a50) of type: BasicImage
24/04/2016 17:28:45 (Std) 	[ImageManager] Created image: 'TaharezLook/VertScrollThumbHover' (0x15bf440) of type: BasicImage
24/04/2016 17:28:45 (Std) 	[ImageManager] Created image: 'TaharezLook/VertScrollUpNormal' (0x15bf650) of type: BasicImage
24/04/2016 17:28:45 (Std) 	[ImageManager] Created image: 'TaharezLook/VertScrollDownNormal' (0x1219390) of type: BasicImage
24/04/2016 17:28:45 (Std) 	[ImageManager] Created image: 'TaharezLook/VertScrollUpHover' (0x12195a0) of type: BasicImage
24/04/2016 17:28:45 (Std) 	[ImageManager] Created image: 'TaharezLook/VertScrollDownHover' (0x15e7910) of type: BasicImage
24/04/2016 17:28:45 (Std) 	[ImageManager] Created image: 'TaharezLook/MiniVertScrollBarSegment' (0x15e7b20) of type: BasicImage
24/04/2016 17:28:45 (Std) 	[ImageManager] Created image: 'TaharezLook/MiniVertScrollThumbNormal' (0x15b4ea0) of type: BasicImage
24/04/2016 17:28:45 (Std) 	[ImageManager] Created image: 'TaharezLook/MiniVertScrollThumbTopNormal' (0x1526910) of type: BasicImage
24/04/2016 17:28:45 (Std) 	[ImageManager] Created image: 'TaharezLook/MiniVertScrollThumbMiddleNormal' (0x1526b20) of type: BasicImage
24/04/2016 17:28:45 (Std) 	[ImageManager] Created image: 'TaharezLook/MiniVertScrollThumbBottomNormal' (0x1205360) of type: BasicImage
24/04/2016 17:28:45 (Std) 	[ImageManager] Created image: 'TaharezLook/MiniVertScrollThumbTopHover' (0x1205480) of type: BasicImage
24/04/2016 17:28:45 (Std) 	[ImageManager] Created image: 'TaharezLook/MiniVertScrollThumbMiddleHover' (0x1611680) of type: BasicImage
24/04/2016 17:28:45 (Std) 	[ImageManager] Created image: 'TaharezLook/MiniVertScrollThumbBottomHover' (0x1611ad0) of type: BasicImage
24/04/2016 17:28:45 (Std) 	[ImageManager] Created image: 'TaharezLook/MiniVertScrollThumbHover' (0x1611e60) of type: BasicImage
24/04/2016 17:28:45 (Std) 	[ImageManager] Created image: 'TaharezLook/MiniVertScrollUpNormal' (0x1612070) of type: BasicImage
24/04/2016 17:28:45 (Std) 	[ImageManager] Created image: 'TaharezLook/MiniVertScrollDownNormal' (0x1612280) of type: BasicImage
24/04/2016 17:28:45 (Std) 	[ImageManager] Created image: 'TaharezLook/MiniVertScrollUpHover' (0x1612490) of type: BasicImage
24/04/2016 17:28:45 (Std) 	[ImageManager] Created image: 'TaharezLook/MiniVertScrollDownHover' (0x16126a0) of type: BasicImage
24/04/2016 17:28:45 (Std) 	[ImageManager] Created image: 'TaharezLook/VertSliderBody' (0x16128b0) of type: BasicImage
24/04/2016 17:28:45 (Std) 	[ImageManager] Created image: 'TaharezLook/VertSliderThumbNormal' (0x1612ac0) of type: BasicImage
24/04/2016 17:28:45 (Std) 	[ImageManager] Created image: 'TaharezLook/VertSliderThumbHover' (0x1612cd0) of type: BasicImage
24/04/2016 17:28:45 (Std) 	[ImageManager] Created image: 'TaharezLook/MiniHorzScrollBarSegment' (0x1612ee0) of type: BasicImage
24/04/2016 17:28:45 (Std) 	[ImageManager] Created image: 'TaharezLook/MiniHorzScrollThumbNormal' (0x1613230) of type: BasicImage
24/04/2016 17:28:45 (Std) 	[ImageManager] Created image: 'TaharezLook/MiniHorzScrollThumbLeftNormal' (0x1613580) of type: BasicImage
24/04/2016 17:28:45 (Std) 	[ImageManager] Created image: 'TaharezLook/MiniHorzScrollThumbMiddleNormal' (0x1613790) of type: BasicImage
24/04/2016 17:28:45 (Std) 	[ImageManager] Created image: 'TaharezLook/MiniHorzScrollThumbRightNormal' (0x1613b20) of type: BasicImage
24/04/2016 17:28:45 (Std) 	[ImageManager] Created image: 'TaharezLook/MiniHorzScrollThumbHover' (0x1613eb0) of type: BasicImage
24/04/2016 17:28:45 (Std) 	[ImageManager] Created image: 'TaharezLook/MiniHorzScrollThumbLeftHover' (0x1614200) of type: BasicImage
24/04/2016 17:28:45 (Std) 	[ImageManager] Created image: 'TaharezLook/MiniHorzScrollThumbMiddleHover' (0x16144c0) of type: BasicImage
24/04/2016 17:28:45 (Std) 	[ImageManager] Created image: 'TaharezLook/MiniHorzScrollThumbRightHover' (0x1614850) of type: BasicImage
24/04/2016 17:28:45 (Std) 	[ImageManager] Created image: 'TaharezLook/MiniHorzScrollLeftNormal' (0x1602e10) of type: BasicImage
24/04/2016 17:28:45 (Std) 	[ImageManager] Created image: 'TaharezLook/MiniHorzScrollRightNormal' (0x1603160) of type: BasicImage
24/04/2016 17:28:45 (Std) 	[ImageManager] Created image: 'TaharezLook/MiniHorzScrollLeftHover' (0x16034b0) of type: BasicImage
24/04/2016 17:28:45 (Std) 	[ImageManager] Created image: 'TaharezLook/MiniHorzScrollRightHover' (0x1603800) of type: BasicImage
24/04/2016 17:28:45 (Std) 	[ImageManager] Created image: 'TaharezLook/ListboxLeft' (0x1603b50) of type: BasicImage
24/04/2016 17:28:45 (Std) 	[ImageManager] Created image: 'TaharezLook/ListboxRight' (0x1603d60) of type: BasicImage
24/04/2016 17:28:45 (Std) 	[ImageManager] Created image: 'TaharezLook/ListboxTop' (0x1603f70) of type: BasicImage
24/04/2016 17:28:45 (Std) 	[ImageManager] Created image: 'TaharezLook/ListboxBottom' (0x1604180) of type: BasicImage
24/04/2016 17:28:45 (Std) 	[ImageManager] Created image: 'TaharezLook/ListboxTopLeft' (0x1604390) of type: BasicImage
24/04/2016 17:28:45 (Std) 	[ImageManager] Created image: 'TaharezLook/ListboxTopRight' (0x16045a0) of type: BasicImage
24/04/2016 17:28:45 (Std) 	[ImageManager] Created image: 'TaharezLook/ListboxBottomLeft' (0x16047b0) of type: BasicImage
24/04/2016 17:28:45 (Std) 	[ImageManager] Created image: 'TaharezLook/ListboxBottomRight' (0x16049c0) of type: BasicImage
24/04/2016 17:28:45 (Std) 	[ImageManager] Created image: 'TaharezLook/ListboxBackdrop' (0x1604bd0) of type: BasicImage
24/04/2016 17:28:45 (Std) 	[ImageManager] Created image: 'TaharezLook/ListboxSelectionBrush' (0x1604de0) of type: BasicImage
24/04/2016 17:28:45 (Std) 	[ImageManager] Created image: 'TaharezLook/ComboboxEditLeft' (0x1604ff0) of type: BasicImage
24/04/2016 17:28:45 (Std) 	[ImageManager] Created image: 'TaharezLook/ComboboxEditMiddle' (0x1605200) of type: BasicImage
24/04/2016 17:28:45 (Std) 	[ImageManager] Created image: 'TaharezLook/ComboboxListButtonNormal' (0x1605410) of type: BasicImage
24/04/2016 17:28:45 (Std) 	[ImageManager] Created image: 'TaharezLook/ComboboxListButtonHover' (0x1605760) of type: BasicImage
24/04/2016 17:28:45 (Std) 	[ImageManager] Created image: 'TaharezLook/ComboboxListLeft' (0x1605ab0) of type: BasicImage
24/04/2016 17:28:45 (Std) 	[ImageManager] Created image: 'TaharezLook/ComboboxListRight' (0x1605cc0) of type: BasicImage
24/04/2016 17:28:45 (Std) 	[ImageManager] Created image: 'TaharezLook/ComboboxListTop' (0x1605ed0) of type: BasicImage
24/04/2016 17:28:45 (Std) 	[ImageManager] Created image: 'TaharezLook/ComboboxListBottom' (0x16060e0) of type: BasicImage
24/04/2016 17:28:45 (Std) 	[ImageManager] Created image: 'TaharezLook/ComboboxListTopLeft' (0x16062f0) of type: BasicImage
24/04/2016 17:28:45 (Std) 	[ImageManager] Created image: 'TaharezLook/ComboboxListTopRight' (0x1606500) of type: BasicImage
24/04/2016 17:28:45 (Std) 	[ImageManager] Created image: 'TaharezLook/ComboboxListBottomLeft' (0x1606830) of type: BasicImage
24/04/2016 17:28:45 (Std) 	[ImageManager] Created image: 'TaharezLook/ComboboxListBottomRight' (0x1606b80) of type: BasicImage
24/04/2016 17:28:45 (Std) 	[ImageManager] Created image: 'TaharezLook/ComboboxListBackdrop' (0x1606ed0) of type: BasicImage
24/04/2016 17:28:45 (Std) 	[ImageManager] Created image: 'TaharezLook/ComboboxSelectionBrush' (0x1607200) of type: BasicImage
24/04/2016 17:28:45 (Std) 	[ImageManager] Created image: 'TaharezLook/ComboboxDividerLeft' (0x1607550) of type: BasicImage
24/04/2016 17:28:45 (Std) 	[ImageManager] Created image: 'TaharezLook/ComboboxDividerMiddle' (0x1607760) of type: BasicImage
24/04/2016 17:28:45 (Std) 	[ImageManager] Created image: 'TaharezLook/ComboboxDividerRight' (0x1607a90) of type: BasicImage
24/04/2016 17:28:45 (Std) 	[ImageManager] Created image: 'TaharezLook/HeaderBarBackdropNormal' (0x1607dc0) of type: BasicImage
24/04/2016 17:28:45 (Std) 	[ImageManager] Created image: 'TaharezLook/HeaderBarBackdropHover' (0x1608110) of type: BasicImage
24/04/2016 17:28:45 (Std) 	[ImageManager] Created image: 'TaharezLook/HeaderBarSplitterNormal' (0x1608460) of type: BasicImage
24/04/2016 17:28:45 (Std) 	[ImageManager] Created image: 'TaharezLook/HeaderBarSplitterHover' (0x16087b0) of type: BasicImage
24/04/2016 17:28:45 (Std) 	[ImageManager] Created image: 'TaharezLook/HeaderBarSortUp' (0x1608b00) of type: BasicImage
24/04/2016 17:28:45 (Std) 	[ImageManager] Created image: 'TaharezLook/HeaderBarSortDown' (0x1608d10) of type: BasicImage
24/04/2016 17:28:45 (Std) 	[ImageManager] Created image: 'TaharezLook/MultiListLeft' (0x1608f20) of type: BasicImage
24/04/2016 17:28:45 (Std) 	[ImageManager] Created image: 'TaharezLook/MultiListRight' (0x1609130) of type: BasicImage
24/04/2016 17:28:45 (Std) 	[ImageManager] Created image: 'TaharezLook/MultiListTop' (0x1609340) of type: BasicImage
24/04/2016 17:28:45 (Std) 	[ImageManager] Created image: 'TaharezLook/MultiListBottom' (0x1609550) of type: BasicImage
24/04/2016 17:28:45 (Std) 	[ImageManager] Created image: 'TaharezLook/MultiListTopLeft' (0x1609760) of type: BasicImage
24/04/2016 17:28:45 (Std) 	[ImageManager] Created image: 'TaharezLook/MultiListTopRight' (0x1609970) of type: BasicImage
24/04/2016 17:28:45 (Std) 	[ImageManager] Created image: 'TaharezLook/MultiListBottomLeft' (0x1609b80) of type: BasicImage
24/04/2016 17:28:45 (Std) 	[ImageManager] Created image: 'TaharezLook/MultiListBottomRight' (0x1609d90) of type: BasicImage
24/04/2016 17:28:45 (Std) 	[ImageManager] Created image: 'TaharezLook/MultiListBackdrop' (0x160a0c0) of type: BasicImage
24/04/2016 17:28:45 (Std) 	[ImageManager] Created image: 'TaharezLook/MultiListSelectionBrush' (0x160a2d0) of type: BasicImage
24/04/2016 17:28:45 (Std) 	[ImageManager] Created image: 'TaharezLook/AltProgressLeft' (0x160a620) of type: BasicImage
24/04/2016 17:28:45 (Std) 	[ImageManager] Created image: 'TaharezLook/AltProgressMiddle' (0x160a830) of type: BasicImage
24/04/2016 17:28:45 (Std) 	[ImageManager] Created image: 'TaharezLook/AltProgressRight' (0x1222f80) of type: BasicImage
24/04/2016 17:28:45 (Std) 	[ImageManager] Created image: 'TaharezLook/AltProgressQuarter' (0x164d2f0) of type: BasicImage
24/04/2016 17:28:45 (Std) 	[ImageManager] Created image: 'TaharezLook/AltProgressHalf' (0x164d500) of type: BasicImage
24/04/2016 17:28:45 (Std) 	[ImageManager] Created image: 'TaharezLook/AltProgressLight1' (0x164d710) of type: BasicImage
24/04/2016 17:28:45 (Std) 	[ImageManager] Created image: 'TaharezLook/AltProgressLight2' (0x164d920) of type: BasicImage
24/04/2016 17:28:45 (Std) 	[ImageManager] Created image: 'TaharezLook/AltProgressLight3' (0x164db30) of type: BasicImage
24/04/2016 17:28:45 (Std) 	[ImageManager] Created image: 'TaharezLook/AltProgressLight4' (0x164dd40) of type: BasicImage
24/04/2016 17:28:45 (Std) 	[ImageManager] Created image: 'TaharezLook/AltProgressLight5' (0x164df50) of type: BasicImage
24/04/2016 17:28:45 (Std) 	[ImageManager] Created image: 'TaharezLook/AltProgressLight6' (0x164e160) of type: BasicImage
24/04/2016 17:28:45 (Std) 	[ImageManager] Created image: 'TaharezLook/AltProgressLight7' (0x164e370) of type: BasicImage
24/04/2016 17:28:45 (Std) 	[ImageManager] Created image: 'TaharezLook/AltProgressLight8' (0x164e580) of type: BasicImage
24/04/2016 17:28:45 (Std) 	[ImageManager] Created image: 'TaharezLook/AltProgressLight9' (0x164e790) of type: BasicImage
24/04/2016 17:28:45 (Std) 	[ImageManager] Created image: 'TaharezLook/AltProgressLight10' (0x164e9a0) of type: BasicImage
24/04/2016 17:28:45 (Std) 	[ImageManager] Created image: 'TaharezLook/CloseButtonNormal' (0x164ebb0) of type: BasicImage
24/04/2016 17:28:45 (Std) 	[ImageManager] Created image: 'TaharezLook/CloseButtonHover' (0x164edc0) of type: BasicImage
24/04/2016 17:28:45 (Std) 	[ImageManager] Created image: 'TaharezLook/CloseButtonPressed' (0x164efd0) of type: BasicImage
24/04/2016 17:28:45 (Std) 	[ImageManager] Created image: 'TaharezLook/NewCloseButtonNormal' (0x164f1e0) of type: BasicImage
24/04/2016 17:28:45 (Std) 	[ImageManager] Created image: 'TaharezLook/NewCloseButtonHover' (0x164f510) of type: BasicImage
24/04/2016 17:28:45 (Std) 	[ImageManager] Created image: 'TaharezLook/NewCloseButtonPressed' (0x164f720) of type: BasicImage
24/04/2016 17:28:45 (Std) 	[ImageManager] Created image: 'TaharezLook/MultiLineEditboxLeft' (0x164fa50) of type: BasicImage
24/04/2016 17:28:45 (Std) 	[ImageManager] Created image: 'TaharezLook/MultiLineEditboxRight' (0x164fd80) of type: BasicImage
24/04/2016 17:28:45 (Std) 	[ImageManager] Created image: 'TaharezLook/MultiLineEditboxTop' (0x16500b0) of type: BasicImage
24/04/2016 17:28:45 (Std) 	[ImageManager] Created image: 'TaharezLook/MultiLineEditboxBottom' (0x16502c0) of type: BasicImage
24/04/2016 17:28:45 (Std) 	[ImageManager] Created image: 'TaharezLook/MultiLineEditboxTopLeft' (0x1650570) of type: BasicImage
24/04/2016 17:28:45 (Std) 	[ImageManager] Created image: 'TaharezLook/MultiLineEditboxTopRight' (0x16508c0) of type: BasicImage
24/04/2016 17:28:45 (Std) 	[ImageManager] Created image: 'TaharezLook/MultiLineEditboxBottomLeft' (0x1650c10) of type: BasicImage
24/04/2016 17:28:45 (Std) 	[ImageManager] Created image: 'TaharezLook/MultiLineEditboxBottomRight' (0x1651030) of type: BasicImage
24/04/2016 17:28:45 (Std) 	[ImageManager] Created image: 'TaharezLook/MultiLineEditboxBackdrop' (0x16513a0) of type: BasicImage
24/04/2016 17:28:45 (Std) 	[ImageManager] Created image: 'TaharezLook/MultiLineEditboxSelectionBrush' (0x16516f0) of type: BasicImage
24/04/2016 17:28:45 (Std) 	[ImageManager] Created image: 'TaharezLook/MouseTarget' (0x16520c0) of type: BasicImage
24/04/2016 17:28:45 (Std) 	[ImageManager] Created image: 'TaharezLook/MouseArrow' (0x1651a80) of type: BasicImage
24/04/2016 17:28:45 (Std) 	[ImageManager] Created image: 'TaharezLook/MouseMoveCursor' (0x16525f0) of type: BasicImage
24/04/2016 17:28:45 (Std) 	[ImageManager] Created image: 'TaharezLook/MouseNoSoCursor' (0x1652800) of type: BasicImage
24/04/2016 17:28:45 (Std) 	[ImageManager] Created image: 'TaharezLook/MouseEsWeCursor' (0x1652a10) of type: BasicImage
24/04/2016 17:28:45 (Std) 	[ImageManager] Created image: 'TaharezLook/MouseNeSwCursor' (0x1652c20) of type: BasicImage
24/04/2016 17:28:45 (Std) 	[ImageManager] Created image: 'TaharezLook/MouseNwSeCursor' (0x1652e30) of type: BasicImage
24/04/2016 17:28:45 (Std) 	[ImageManager] Created image: 'TaharezLook/MouseTextBar' (0x1653040) of type: BasicImage
24/04/2016 17:28:45 (Std) 	[ImageManager] Created image: 'TaharezLook/TabHorizontalFiller' (0x16522d0) of type: BasicImage
24/04/2016 17:28:45 (Std) 	[ImageManager] Created image: 'TaharezLook/TabContentPaneUpperLeft' (0x1651c90) of type: BasicImage
24/04/2016 17:28:45 (Std) 	[ImageManager] Created image: 'TaharezLook/TabContentPaneUpper' (0x1653250) of type: BasicImage
24/04/2016 17:28:45 (Std) 	[ImageManager] Created image: 'TaharezLook/TabContentPaneUpperRight' (0x1653460) of type: BasicImage
24/04/2016 17:28:45 (Std) 	[ImageManager] Created image: 'TaharezLook/TabContentPaneLeft' (0x16537b0) of type: BasicImage
24/04/2016 17:28:45 (Std) 	[ImageManager] Created image: 'TaharezLook/TabContentPaneRight' (0x16539c0) of type: BasicImage
24/04/2016 17:28:45 (Std) 	[ImageManager] Created image: 'TaharezLook/TabContentPaneLower' (0x1653bd0) of type: BasicImage
24/04/2016 17:28:45 (Std) 	[ImageManager] Created image: 'TaharezLook/TabContentPaneLowerLeft' (0x1653de0) of type: BasicImage
24/04/2016 17:28:45 (Std) 	[ImageManager] Created image: 'TaharezLook/TabContentPaneLowerRight' (0x1654130) of type: BasicImage
24/04/2016 17:28:45 (Std) 	[ImageManager] Created image: 'TaharezLook/TabContentPaneMiddle' (0x1654480) of type: BasicImage
24/04/2016 17:28:45 (Std) 	[ImageManager] Created image: 'TaharezLook/TabButtonScrollLeftNormal' (0x16547b0) of type: BasicImage
24/04/2016 17:28:45 (Std) 	[ImageManager] Created image: 'TaharezLook/TabButtonScrollRightNormal' (0x1654b00) of type: BasicImage
24/04/2016 17:28:45 (Std) 	[ImageManager] Created image: 'TaharezLook/TabButtonScrollLeftHover' (0x1654e70) of type: BasicImage
24/04/2016 17:28:45 (Std) 	[ImageManager] Created image: 'TaharezLook/TabButtonScrollRightHover' (0x16551c0) of type: BasicImage
24/04/2016 17:28:45 (Std) 	[ImageManager] Created image: 'TaharezLook/TabButtonLeftNormal' (0x1655510) of type: BasicImage
24/04/2016 17:28:45 (Std) 	[ImageManager] Created image: 'TaharezLook/TabButtonRightNormal' (0x1655720) of type: BasicImage
24/04/2016 17:28:45 (Std) 	[ImageManager] Created image: 'TaharezLook/TabButtonUpperNormal' (0x1655a50) of type: BasicImage
24/04/2016 17:28:45 (Std) 	[ImageManager] Created image: 'TaharezLook/TabButtonLowerNormal' (0x1655d80) of type: BasicImage
24/04/2016 17:28:45 (Std) 	[ImageManager] Created image: 'TaharezLook/TabButtonUpperLeftNormal' (0x16560b0) of type: BasicImage
24/04/2016 17:28:45 (Std) 	[ImageManager] Created image: 'TaharezLook/TabButtonUpperLeft2Normal' (0x1656400) of type: BasicImage
24/04/2016 17:28:45 (Std) 	[ImageManager] Created image: 'TaharezLook/TabButtonUpperRightNormal' (0x1656750) of type: BasicImage
24/04/2016 17:28:45 (Std) 	[ImageManager] Created image: 'TaharezLook/TabButtonLowerLeftNormal' (0x1656aa0) of type: BasicImage
24/04/2016 17:28:45 (Std) 	[ImageManager] Created image: 'TaharezLook/TabButtonLowerRightNormal' (0x1656df0) of type: BasicImage
24/04/2016 17:28:45 (Std) 	[ImageManager] Created image: 'TaharezLook/TabButtonLowerRight2Normal' (0x1657140) of type: BasicImage
24/04/2016 17:28:45 (Std) 	[ImageManager] Created image: 'TaharezLook/TabButtonMiddleNormal' (0x16574b0) of type: BasicImage
24/04/2016 17:28:45 (Std) 	[ImageManager] Created image: 'TaharezLook/TabButtonLeftSelected' (0x16577e0) of type: BasicImage
24/04/2016 17:28:45 (Std) 	[ImageManager] Created image: 'TaharezLook/TabButtonRightSelected' (0x1657b10) of type: BasicImage
24/04/2016 17:28:45 (Std) 	[ImageManager] Created image: 'TaharezLook/TabButtonUpperSelected' (0x1657e60) of type: BasicImage
24/04/2016 17:28:45 (Std) 	[ImageManager] Created image: 'TaharezLook/TabButtonLowerSelected' (0x16581b0) of type: BasicImage
24/04/2016 17:28:45 (Std) 	[ImageManager] Created image: 'TaharezLook/TabButtonUpperLeftSelected' (0x1658500) of type: BasicImage
24/04/2016 17:28:45 (Std) 	[ImageManager] Created image: 'TaharezLook/TabButtonUpperRightSelected' (0x1658870) of type: BasicImage
24/04/2016 17:28:45 (Std) 	[ImageManager] Created image: 'TaharezLook/TabButtonLowerLeftSelected' (0x1658be0) of type: BasicImage
24/04/2016 17:28:45 (Std) 	[ImageManager] Created image: 'TaharezLook/TabButtonLowerRightSelected' (0x1658f50) of type: BasicImage
24/04/2016 17:28:45 (Std) 	[ImageManager] Created image: 'TaharezLook/TabButtonMiddleSelected' (0x16592c0) of type: BasicImage
24/04/2016 17:28:45 (Std) 	[ImageManager] Created image: 'TaharezLook/TooltipTopLeft' (0x1659610) of type: BasicImage
24/04/2016 17:28:45 (Std) 	[ImageManager] Created image: 'TaharezLook/TooltipTopRight' (0x1659820) of type: BasicImage
24/04/2016 17:28:45 (Std) 	[ImageManager] Created image: 'TaharezLook/TooltipBottomLeft' (0x1659a30) of type: BasicImage
24/04/2016 17:28:45 (Std) 	[ImageManager] Created image: 'TaharezLook/TooltipBottomRight' (0x1659c40) of type: BasicImage
24/04/2016 17:28:45 (Std) 	[ImageManager] Created image: 'TaharezLook/TooltipLeftEdge' (0x1659e50) of type: BasicImage
24/04/2016 17:28:45 (Std) 	[ImageManager] Created image: 'TaharezLook/TooltipRightEdge' (0x165a060) of type: BasicImage
24/04/2016 17:28:45 (Std) 	[ImageManager] Created image: 'TaharezLook/TooltipTopEdge' (0x165a270) of type: BasicImage
24/04/2016 17:28:45 (Std) 	[ImageManager] Created image: 'TaharezLook/TooltipBottomEdge' (0x165a480) of type: BasicImage
24/04/2016 17:28:45 (Std) 	[ImageManager] Created image: 'TaharezLook/TooltipMiddle' (0x165a690) of type: BasicImage
24/04/2016 17:28:45 (Std) 	[ImageManager] Created image: 'TaharezLook/MenuTopLeft' (0x165a8a0) of type: BasicImage
24/04/2016 17:28:45 (Std) 	[ImageManager] Created image: 'TaharezLook/MenuTopRight' (0x165aab0) of type: BasicImage
24/04/2016 17:28:45 (Std) 	[ImageManager] Created image: 'TaharezLook/MenuBottomLeft' (0x165acc0) of type: BasicImage
24/04/2016 17:28:45 (Std) 	[ImageManager] Created image: 'TaharezLook/MenuBottomRight' (0x165aed0) of type: BasicImage
24/04/2016 17:28:45 (Std) 	[ImageManager] Created image: 'TaharezLook/MenuLeft' (0x165b0e0) of type: BasicImage
24/04/2016 17:28:45 (Std) 	[ImageManager] Created image: 'TaharezLook/MenuRight' (0x165b2f0) of type: BasicImage
24/04/2016 17:28:45 (Std) 	[ImageManager] Created image: 'TaharezLook/MenuTop' (0x165b500) of type: BasicImage
24/04/2016 17:28:45 (Std) 	[ImageManager] Created image: 'TaharezLook/MenuBottom' (0x165b710) of type: BasicImage
24/04/2016 17:28:45 (Std) 	[ImageManager] Created image: 'TaharezLook/MenuMiddle' (0x165b920) of type: BasicImage
24/04/2016 17:28:45 (Std) 	[ImageManager] Created image: 'TaharezLook/PopupMenuFrameTopLeft' (0x165bb30) of type: BasicImage
24/04/2016 17:28:45 (Std) 	[ImageManager] Created image: 'TaharezLook/PopupMenuFrameTopRight' (0x165be60) of type: BasicImage
24/04/2016 17:28:45 (Std) 	[ImageManager] Created image: 'TaharezLook/PopupMenuFrameBottomLeft' (0x165c1b0) of type: BasicImage
24/04/2016 17:28:45 (Std) 	[ImageManager] Created image: 'TaharezLook/PopupMenuFrameBottomRight' (0x165c500) of type: BasicImage
24/04/2016 17:28:45 (Std) 	[ImageManager] Created image: 'TaharezLook/PopupMenuFrameLeft' (0x165c850) of type: BasicImage
24/04/2016 17:28:45 (Std) 	[ImageManager] Created image: 'TaharezLook/PopupMenuFrameRight' (0x165ca60) of type: BasicImage
24/04/2016 17:28:45 (Std) 	[ImageManager] Created image: 'TaharezLook/PopupMenuFrameTop' (0x165cc70) of type: BasicImage
24/04/2016 17:28:45 (Std) 	[ImageManager] Created image: 'TaharezLook/PopupMenuFrameBottom' (0x165ce80) of type: BasicImage
24/04/2016 17:28:45 (Std) 	[ImageManager] Created image: 'TaharezLook/PopupMenuMiddle' (0x165d1b0) of type: BasicImage
24/04/2016 17:28:45 (Std) 	[ImageManager] Created image: 'TaharezLook/PopupMenuArrowRight' (0x165d3c0) of type: BasicImage
24/04/2016 17:28:45 (Std) 	[ImageManager] Created image: 'TaharezLook/PopupMenuArrowLeft' (0x165d5d0) of type: BasicImage
24/04/2016 17:28:45 (Std) 	[ImageManager] Created image: 'TaharezLook/TreeListClosed' (0x165d7e0) of type: BasicImage
24/04/2016 17:28:45 (Std) 	[ImageManager] Created image: 'TaharezLook/TreeListOpened' (0x165d9f0) of type: BasicImage
24/04/2016 17:28:45 (Std) 	===== Falagard 'root' element: look and feel parsing begins =====
24/04/2016 17:28:45 (Std) 	===== Look and feel parsing completed =====
24/04/2016 17:28:45 (Std) 	No window renderer factories specified for module 'CEGUICoreWindowRendererSet' - adding all available factories...
24/04/2016 17:28:45 (Std) 	Created WindowRendererFactory for 'Core/Button' WindowRenderers.
24/04/2016 17:28:45 (Std) 	WindowRendererFactory 'Core/Button' added. (0x198a160)
24/04/2016 17:28:45 (Std) 	Created WindowRendererFactory for 'Core/Default' WindowRenderers.
24/04/2016 17:28:45 (Std) 	WindowRendererFactory 'Core/Default' added. (0x198a220)
24/04/2016 17:28:45 (Std) 	Created WindowRendererFactory for 'Core/Editbox' WindowRenderers.
24/04/2016 17:28:45 (Std) 	WindowRendererFactory 'Core/Editbox' added. (0x15b4780)
24/04/2016 17:28:45 (Std) 	Created WindowRendererFactory for 'Core/FrameWindow' WindowRenderers.
24/04/2016 17:28:45 (Std) 	WindowRendererFactory 'Core/FrameWindow' added. (0x193dc80)
24/04/2016 17:28:45 (Std) 	Created WindowRendererFactory for 'Core/ItemEntry' WindowRenderers.
24/04/2016 17:28:45 (Std) 	WindowRendererFactory 'Core/ItemEntry' added. (0x193de20)
24/04/2016 17:28:45 (Std) 	Created WindowRendererFactory for 'Core/ListHeader' WindowRenderers.
24/04/2016 17:28:45 (Std) 	WindowRendererFactory 'Core/ListHeader' added. (0x193dfc0)
24/04/2016 17:28:45 (Std) 	Created WindowRendererFactory for 'Core/ListHeaderSegment' WindowRenderers.
24/04/2016 17:28:45 (Std) 	WindowRendererFactory 'Core/ListHeaderSegment' added. (0x1784150)
24/04/2016 17:28:45 (Std) 	Created WindowRendererFactory for 'Core/Listbox' WindowRenderers.
24/04/2016 17:28:45 (Std) 	WindowRendererFactory 'Core/Listbox' added. (0x17842f0)
24/04/2016 17:28:45 (Std) 	Created WindowRendererFactory for 'Core/Menubar' WindowRenderers.
24/04/2016 17:28:45 (Std) 	WindowRendererFactory 'Core/Menubar' added. (0x17843b0)
24/04/2016 17:28:45 (Std) 	Created WindowRendererFactory for 'Core/MenuItem' WindowRenderers.
24/04/2016 17:28:45 (Std) 	WindowRendererFactory 'Core/MenuItem' added. (0x17c3dd0)
24/04/2016 17:28:45 (Std) 	Created WindowRendererFactory for 'Core/MultiColumnList' WindowRenderers.
24/04/2016 17:28:45 (Std) 	WindowRendererFactory 'Core/MultiColumnList' added. (0x1995d80)
24/04/2016 17:28:45 (Std) 	Created WindowRendererFactory for 'Core/MultiLineEditbox' WindowRenderers.
24/04/2016 17:28:45 (Std) 	WindowRendererFactory 'Core/MultiLineEditbox' added. (0x1995f20)
24/04/2016 17:28:45 (Std) 	Created WindowRendererFactory for 'Core/PopupMenu' WindowRenderers.
24/04/2016 17:28:45 (Std) 	WindowRendererFactory 'Core/PopupMenu' added. (0x19960c0)
24/04/2016 17:28:45 (Std) 	Created WindowRendererFactory for 'Core/ProgressBar' WindowRenderers.
24/04/2016 17:28:45 (Std) 	WindowRendererFactory 'Core/ProgressBar' added. (0x196f0f0)
24/04/2016 17:28:45 (Std) 	Created WindowRendererFactory for 'Core/ScrollablePane' WindowRenderers.
24/04/2016 17:28:45 (Std) 	WindowRendererFactory 'Core/ScrollablePane' added. (0x196f290)
24/04/2016 17:28:45 (Std) 	Created WindowRendererFactory for 'Core/Scrollbar' WindowRenderers.
24/04/2016 17:28:45 (Std) 	WindowRendererFactory 'Core/Scrollbar' added. (0x196f430)
24/04/2016 17:28:45 (Std) 	Created WindowRendererFactory for 'Core/Slider' WindowRenderers.
24/04/2016 17:28:45 (Std) 	WindowRendererFactory 'Core/Slider' added. (0x1979200)
24/04/2016 17:28:45 (Std) 	Created WindowRendererFactory for 'Core/Static' WindowRenderers.
24/04/2016 17:28:45 (Std) 	WindowRendererFactory 'Core/Static' added. (0x19794b0)
24/04/2016 17:28:45 (Std) 	Created WindowRendererFactory for 'Core/StaticImage' WindowRenderers.
24/04/2016 17:28:45 (Std) 	WindowRendererFactory 'Core/StaticImage' added. (0x1979650)
24/04/2016 17:28:45 (Std) 	Created WindowRendererFactory for 'Core/StaticText' WindowRenderers.
24/04/2016 17:28:45 (Std) 	WindowRendererFactory 'Core/StaticText' added. (0x19797f0)
24/04/2016 17:28:45 (Std) 	Created WindowRendererFactory for 'Core/TabButton' WindowRenderers.
24/04/2016 17:28:45 (Std) 	WindowRendererFactory 'Core/TabButton' added. (0x1979990)
24/04/2016 17:28:45 (Std) 	Created WindowRendererFactory for 'Core/TabControl' WindowRenderers.
24/04/2016 17:28:45 (Std) 	WindowRendererFactory 'Core/TabControl' added. (0x1996430)
24/04/2016 17:28:45 (Std) 	Created WindowRendererFactory for 'Core/Titlebar' WindowRenderers.
24/04/2016 17:28:45 (Std) 	WindowRendererFactory 'Core/Titlebar' added. (0x19965d0)
24/04/2016 17:28:45 (Std) 	Created WindowRendererFactory for 'Core/ToggleButton' WindowRenderers.
24/04/2016 17:28:45 (Std) 	WindowRendererFactory 'Core/ToggleButton' added. (0x1996770)
24/04/2016 17:28:45 (Std) 	Created WindowRendererFactory for 'Core/Tooltip' WindowRenderers.
24/04/2016 17:28:45 (Std) 	WindowRendererFactory 'Core/Tooltip' added. (0x1996910)
24/04/2016 17:28:45 (Std) 	Created WindowRendererFactory for 'Core/ItemListbox' WindowRenderers.
24/04/2016 17:28:45 (Std) 	WindowRendererFactory 'Core/ItemListbox' added. (0x1996ab0)
24/04/2016 17:28:45 (Std) 	Created WindowRendererFactory for 'Core/Tree' WindowRenderers.
24/04/2016 17:28:45 (Std) 	WindowRendererFactory 'Core/Tree' added. (0x198a740)
24/04/2016 17:28:45 (Std) 	Creating falagard mapping for type 'TaharezLook/Label' using base type 'DefaultWindow', window renderer 'Core/Default' Look'N'Feel 'TaharezLook/Label' and RenderEffect ''. (0x7ffe89f79360)
24/04/2016 17:28:45 (Std) 	Creating falagard mapping for type 'TaharezLook/Button' using base type 'CEGUI/PushButton', window renderer 'Core/Button' Look'N'Feel 'TaharezLook/Button' and RenderEffect ''. (0x7ffe89f79360)
24/04/2016 17:28:45 (Std) 	Creating falagard mapping for type 'TaharezLook/Checkbox' using base type 'CEGUI/ToggleButton', window renderer 'Core/ToggleButton' Look'N'Feel 'TaharezLook/Checkbox' and RenderEffect ''. (0x7ffe89f79360)
24/04/2016 17:28:45 (Std) 	Creating falagard mapping for type 'TaharezLook/ImageButton' using base type 'CEGUI/PushButton', window renderer 'Core/Button' Look'N'Feel 'TaharezLook/ImageButton' and RenderEffect ''. (0x7ffe89f79360)
24/04/2016 17:28:45 (Std) 	Creating falagard mapping for type 'TaharezLook/RadioButton' using base type 'CEGUI/RadioButton', window renderer 'Core/ToggleButton' Look'N'Feel 'TaharezLook/RadioButton' and RenderEffect ''. (0x7ffe89f79360)
24/04/2016 17:28:45 (Std) 	Creating falagard mapping for type 'TaharezLook/FrameWindow' using base type 'CEGUI/FrameWindow', window renderer 'Core/FrameWindow' Look'N'Feel 'TaharezLook/FrameWindow' and RenderEffect ''. (0x7ffe89f79360)
24/04/2016 17:28:45 (Std) 	Creating falagard mapping for type 'TaharezLook/Titlebar' using base type 'CEGUI/Titlebar', window renderer 'Core/Titlebar' Look'N'Feel 'TaharezLook/Titlebar' and RenderEffect ''. (0x7ffe89f79360)
24/04/2016 17:28:45 (Std) 	Creating falagard mapping for type 'TaharezLook/Editbox' using base type 'CEGUI/Editbox', window renderer 'Core/Editbox' Look'N'Feel 'TaharezLook/Editbox' and RenderEffect ''. (0x7ffe89f79360)
24/04/2016 17:28:45 (Std) 	Creating falagard mapping for type 'TaharezLook/MultiLineEditbox' using base type 'CEGUI/MultiLineEditbox', window renderer 'Core/MultiLineEditbox' Look'N'Feel 'TaharezLook/MultiLineEditbox' and RenderEffect ''. (0x7ffe89f79360)
24/04/2016 17:28:45 (Std) 	Creating falagard mapping for type 'TaharezLook/Menubar' using base type 'CEGUI/Menubar', window renderer 'Core/Menubar' Look'N'Feel 'TaharezLook/Menubar' and RenderEffect ''. (0x7ffe89f79360)
24/04/2016 17:28:45 (Std) 	Creating falagard mapping for type 'TaharezLook/PopupMenu' using base type 'CEGUI/PopupMenu', window renderer 'Core/PopupMenu' Look'N'Feel 'TaharezLook/PopupMenu' and RenderEffect ''. (0x7ffe89f79360)
24/04/2016 17:28:45 (Std) 	Creating falagard mapping for type 'TaharezLook/MenuItem' using base type 'CEGUI/MenuItem', window renderer 'Core/MenuItem' Look'N'Feel 'TaharezLook/MenuItem' and RenderEffect ''. (0x7ffe89f79360)
24/04/2016 17:28:45 (Std) 	Creating falagard mapping for type 'TaharezLook/AlternateProgressBar' using base type 'CEGUI/ProgressBar', window renderer 'Core/ProgressBar' Look'N'Feel 'TaharezLook/AltProgressBar' and RenderEffect ''. (0x7ffe89f79360)
24/04/2016 17:28:45 (Std) 	Creating falagard mapping for type 'TaharezLook/ProgressBar' using base type 'CEGUI/ProgressBar', window renderer 'Core/ProgressBar' Look'N'Feel 'TaharezLook/ProgressBar' and RenderEffect ''. (0x7ffe89f79360)
24/04/2016 17:28:45 (Std) 	Creating falagard mapping for type 'TaharezLook/VUMeter' using base type 'CEGUI/ProgressBar', window renderer 'Core/ProgressBar' Look'N'Feel 'TaharezLook/VUMeter' and RenderEffect ''. (0x7ffe89f79360)
24/04/2016 17:28:45 (Std) 	Creating falagard mapping for type 'TaharezLook/VerticalScrollbar' using base type 'CEGUI/Scrollbar', window renderer 'Core/Scrollbar' Look'N'Feel 'TaharezLook/VerticalScrollbar' and RenderEffect ''. (0x7ffe89f79360)
24/04/2016 17:28:45 (Std) 	Creating falagard mapping for type 'TaharezLook/HorizontalScrollbar' using base type 'CEGUI/Scrollbar', window renderer 'Core/Scrollbar' Look'N'Feel 'TaharezLook/HorizontalScrollbar' and RenderEffect ''. (0x7ffe89f79360)
24/04/2016 17:28:45 (Std) 	Creating falagard mapping for type 'TaharezLook/VerticalScrollbarThumb' using base type 'CEGUI/Thumb', window renderer 'Core/Button' Look'N'Feel 'TaharezLook/VerticalScrollbarThumb' and RenderEffect ''. (0x7ffe89f79360)
24/04/2016 17:28:45 (Std) 	Creating falagard mapping for type 'TaharezLook/HorizontalScrollbarThumb' using base type 'CEGUI/Thumb', window renderer 'Core/Button' Look'N'Feel 'TaharezLook/HorizontalScrollbarThumb' and RenderEffect ''. (0x7ffe89f79360)
24/04/2016 17:28:45 (Std) 	Creating falagard mapping for type 'TaharezLook/LargeVerticalScrollbar' using base type 'CEGUI/Scrollbar', window renderer 'Core/Scrollbar' Look'N'Feel 'TaharezLook/LargeVerticalScrollbar' and RenderEffect ''. (0x7ffe89f79360)
24/04/2016 17:28:45 (Std) 	Creating falagard mapping for type 'TaharezLook/LargeVerticalScrollbarThumb' using base type 'CEGUI/Thumb', window renderer 'Core/Button' Look'N'Feel 'TaharezLook/LargeVerticalScrollbarThumb' and RenderEffect ''. (0x7ffe89f79360)
24/04/2016 17:28:45 (Std) 	Creating falagard mapping for type 'TaharezLook/TabButton' using base type 'CEGUI/TabButton', window renderer 'Core/TabButton' Look'N'Feel 'TaharezLook/TabButton' and RenderEffect ''. (0x7ffe89f79360)
24/04/2016 17:28:45 (Std) 	Creating falagard mapping for type 'TaharezLook/TabControl' using base type 'CEGUI/TabControl', window renderer 'Core/TabControl' Look'N'Feel 'TaharezLook/TabControl' and RenderEffect ''. (0x7ffe89f79360)
24/04/2016 17:28:45 (Std) 	Creating falagard mapping for type 'TaharezLook/TabContentPane' using base type 'DefaultWindow', window renderer 'Core/Default' Look'N'Feel 'TaharezLook/TabContentPane' and RenderEffect ''. (0x7ffe89f79360)
24/04/2016 17:28:45 (Std) 	Creating falagard mapping for type 'TaharezLook/TabButtonPane' using base type 'DefaultWindow', window renderer 'Core/Default' Look'N'Feel 'TaharezLook/TabButtonPane' and RenderEffect ''. (0x7ffe89f79360)
24/04/2016 17:28:45 (Std) 	Creating falagard mapping for type 'TaharezLook/ComboDropList' using base type 'CEGUI/ComboDropList', window renderer 'Core/Listbox' Look'N'Feel 'TaharezLook/ComboDropList' and RenderEffect ''. (0x7ffe89f79360)
24/04/2016 17:28:45 (Std) 	Creating falagard mapping for type 'TaharezLook/ComboEditbox' using base type 'CEGUI/Editbox', window renderer 'Core/Editbox' Look'N'Feel 'TaharezLook/ComboEditbox' and RenderEffect ''. (0x7ffe89f79360)
24/04/2016 17:28:45 (Std) 	Creating falagard mapping for type 'TaharezLook/Combobox' using base type 'CEGUI/Combobox', window renderer 'Core/Default' Look'N'Feel 'TaharezLook/Combobox' and RenderEffect ''. (0x7ffe89f79360)
24/04/2016 17:28:45 (Std) 	Creating falagard mapping for type 'TaharezLook/Listbox' using base type 'CEGUI/Listbox', window renderer 'Core/Listbox' Look'N'Feel 'TaharezLook/Listbox' and RenderEffect ''. (0x7ffe89f79360)
24/04/2016 17:28:45 (Std) 	Creating falagard mapping for type 'TaharezLook/ListHeader' using base type 'CEGUI/ListHeader', window renderer 'Core/ListHeader' Look'N'Feel 'TaharezLook/ListHeader' and RenderEffect ''. (0x7ffe89f79360)
24/04/2016 17:28:45 (Std) 	Creating falagard mapping for type 'TaharezLook/ListHeaderSegment' using base type 'CEGUI/ListHeaderSegment', window renderer 'Core/ListHeaderSegment' Look'N'Feel 'TaharezLook/ListHeaderSegment' and RenderEffect ''. (0x7ffe89f79360)
24/04/2016 17:28:45 (Std) 	Creating falagard mapping for type 'TaharezLook/MultiColumnList' using base type 'CEGUI/MultiColumnList', window renderer 'Core/MultiColumnList' Look'N'Feel 'TaharezLook/MultiColumnList' and RenderEffect ''. (0x7ffe89f79360)
24/04/2016 17:28:45 (Std) 	Creating falagard mapping for type 'TaharezLook/Slider' using base type 'CEGUI/Slider', window renderer 'Core/Slider' Look'N'Feel 'TaharezLook/Slider' and RenderEffect ''. (0x7ffe89f79360)
24/04/2016 17:28:45 (Std) 	Creating falagard mapping for type 'TaharezLook/SliderThumb' using base type 'CEGUI/Thumb', window renderer 'Core/Button' Look'N'Feel 'TaharezLook/SliderThumb' and RenderEffect ''. (0x7ffe89f79360)
24/04/2016 17:28:45 (Std) 	Creating falagard mapping for type 'TaharezLook/ScrollablePane' using base type 'CEGUI/ScrollablePane', window renderer 'Core/ScrollablePane' Look'N'Feel 'TaharezLook/ScrollablePane' and RenderEffect ''. (0x7ffe89f79360)
24/04/2016 17:28:45 (Std) 	Creating falagard mapping for type 'TaharezLook/Spinner' using base type 'CEGUI/Spinner', window renderer 'Core/Default' Look'N'Feel 'TaharezLook/Spinner' and RenderEffect ''. (0x7ffe89f79360)
24/04/2016 17:28:45 (Std) 	Creating falagard mapping for type 'TaharezLook/Tooltip' using base type 'CEGUI/Tooltip', window renderer 'Core/Tooltip' Look'N'Feel 'TaharezLook/Tooltip' and RenderEffect ''. (0x7ffe89f79360)
24/04/2016 17:28:45 (Std) 	Creating falagard mapping for type 'TaharezLook/StaticImage' using base type 'DefaultWindow', window renderer 'Core/StaticImage' Look'N'Feel 'TaharezLook/StaticImage' and RenderEffect ''. (0x7ffe89f79360)
24/04/2016 17:28:45 (Std) 	Creating falagard mapping for type 'TaharezLook/StaticText' using base type 'DefaultWindow', window renderer 'Core/StaticText' Look'N'Feel 'TaharezLook/StaticText' and RenderEffect ''. (0x7ffe89f79360)
24/04/2016 17:28:45 (Std) 	Creating falagard mapping for type 'TaharezLook/ItemListbox' using base type 'CEGUI/ItemListbox', window renderer 'Core/ItemListbox' Look'N'Feel 'TaharezLook/ItemListbox' and RenderEffect ''. (0x7ffe89f79360)
24/04/2016 17:28:45 (Std) 	Creating falagard mapping for type 'TaharezLook/ListboxItem' using base type 'CEGUI/ItemEntry', window renderer 'Core/ItemEntry' Look'N'Feel 'TaharezLook/ListboxItem' and RenderEffect ''. (0x7ffe89f79360)
24/04/2016 17:28:45 (Std) 	Creating falagard mapping for type 'TaharezLook/GroupBox' using base type 'DefaultWindow', window renderer 'Core/Default' Look'N'Feel 'TaharezLook/GroupBox' and RenderEffect ''. (0x7ffe89f79360)
24/04/2016 17:28:45 (Std) 	Creating falagard mapping for type 'TaharezLook/Tree' using base type 'CEGUI/Tree', window renderer 'Core/Tree' Look'N'Feel 'TaharezLook/Tree' and RenderEffect ''. (0x7ffe89f79360)
24/04/2016 17:28:45 (Std) 	[OgreRenderer] Created texture: _ogre_tt_tex_0
24/04/2016 17:28:45 (Std) 	[OgreRenderer] Created texture: DejaVuSans-12_auto_glyph_images_32
24/04/2016 17:28:45 (Std) 	[OgreRenderer] Created texture: _ogre_tt_tex_1
24/04/2016 17:28:45 (Std) 	---- Successfully completed loading of GUI layout from 'uiLayout.layout' ----
